


ARM Macro Assembler    Page 1 


    1 00000000         ;/******************************************************
                       ********************//**
    2 00000000         ; * @file     startup_DS_CM3.s
    3 00000000         ; * @brief    CMSIS Core Device Startup File for
    4 00000000         ; *           DesignStart Cortex-M3 Device
    5 00000000         ; * @version  V1.0.0
    6 00000000         ; * @date     05. May 2017
    7 00000000         ; ******************************************************
                       ************************/
    8 00000000         ;/* Copyright (c) 2011 - 2017 ARM LIMITED
    9 00000000         ;
   10 00000000         ;   All rights reserved.
   11 00000000         ;   Redistribution and use in source and binary forms, w
                       ith or without
   12 00000000         ;   modification, are permitted provided that the follow
                       ing conditions are met:
   13 00000000         ;   - Redistributions of source code must retain the abo
                       ve copyright
   14 00000000         ;     notice, this list of conditions and the following 
                       disclaimer.
   15 00000000         ;   - Redistributions in binary form must reproduce the 
                       above copyright
   16 00000000         ;     notice, this list of conditions and the following 
                       disclaimer in the
   17 00000000         ;     documentation and/or other materials provided with
                        the distribution.
   18 00000000         ;   - Neither the name of ARM nor the names of its contr
                       ibutors may be used
   19 00000000         ;     to endorse or promote products derived from this s
                       oftware without
   20 00000000         ;     specific prior written permission.
   21 00000000         ;   *
   22 00000000         ;   THIS SOFTWARE IS PROVIDED BY THE COPYRIGHT HOLDERS A
                       ND CONTRIBUTORS "AS IS"
   23 00000000         ;   AND ANY EXPRESS OR IMPLIED WARRANTIES, INCLUDING, BU
                       T NOT LIMITED TO, THE
   24 00000000         ;   IMPLIED WARRANTIES OF MERCHANTABILITY AND FITNESS FO
                       R A PARTICULAR PURPOSE
   25 00000000         ;   ARE DISCLAIMED. IN NO EVENT SHALL COPYRIGHT HOLDERS 
                       AND CONTRIBUTORS BE
   26 00000000         ;   LIABLE FOR ANY DIRECT, INDIRECT, INCIDENTAL, SPECIAL
                       , EXEMPLARY, OR
   27 00000000         ;   CONSEQUENTIAL DAMAGES (INCLUDING, BUT NOT LIMITED TO
                       , PROCUREMENT OF
   28 00000000         ;   SUBSTITUTE GOODS OR SERVICES; LOSS OF USE, DATA, OR 
                       PROFITS; OR BUSINESS
   29 00000000         ;   INTERRUPTION) HOWEVER CAUSED AND ON ANY THEORY OF LI
                       ABILITY, WHETHER IN
   30 00000000         ;   CONTRACT, STRICT LIABILITY, OR TORT (INCLUDING NEGLI
                       GENCE OR OTHERWISE)
   31 00000000         ;   ARISING IN ANY WAY OUT OF THE USE OF THIS SOFTWARE, 
                       EVEN IF ADVISED OF THE
   32 00000000         ;   POSSIBILITY OF SUCH DAMAGE.
   33 00000000         ;   ----------------------------------------------------
                       -----------------------*/
   34 00000000         ;/*
   35 00000000         ;//-------- <<< Use Configuration Wizard in Context Menu
                        >>> ------------------
   36 00000000         ;*/



ARM Macro Assembler    Page 2 


   37 00000000         
   38 00000000         
   39 00000000         ; <h> Stack Configuration
   40 00000000         ;   <o> Stack Size (in Bytes) <0x0-0xFFFFFFFF:8>
   41 00000000         ; </h>
   42 00000000         
   43 00000000 00008000 
                       Stack_Size
                               EQU              0x00008000
   44 00000000         
   45 00000000                 AREA             STACK, NOINIT, READWRITE, ALIGN
=3
   46 00000000         Stack_Mem
                               SPACE            Stack_Size
   47 00008000         __initial_sp
   48 00008000         
   49 00008000         
   50 00008000         ; <h> Heap Configuration
   51 00008000         ;   <o>  Heap Size (in Bytes) <0x0-0xFFFFFFFF:8>
   52 00008000         ; </h>
   53 00008000         
   54 00008000 00000C00 
                       Heap_Size
                               EQU              0x00000C00
   55 00008000         
   56 00008000                 AREA             HEAP, NOINIT, READWRITE, ALIGN=
3
   57 00000000         __heap_base
   58 00000000         Heap_Mem
                               SPACE            Heap_Size
   59 00000C00         __heap_limit
   60 00000C00         
   61 00000C00         
   62 00000C00                 PRESERVE8
   63 00000C00                 THUMB
   64 00000C00         
   65 00000C00         
   66 00000C00         ; Vector Table Mapped to Address 0 at Reset
   67 00000C00         
   68 00000C00                 AREA             RESET, DATA, READONLY
   69 00000000                 EXPORT           __Vectors
   70 00000000                 EXPORT           __Vectors_End
   71 00000000                 EXPORT           __Vectors_Size
   72 00000000         
   73 00000000 00000000 
                       __Vectors
                               DCD              __initial_sp ;     Top of Stack
                                                            
   74 00000004 00000000        DCD              Reset_Handler 
                                                            ;     Reset Handler
                                                            
   75 00000008 00000000        DCD              NMI_Handler ;     NMI Handler
   76 0000000C 00000000        DCD              HardFault_Handler ;     Hard Fa
                                                            ult Handler
   77 00000010 00000000        DCD              MemManage_Handler ;     MPU Fau
                                                            lt Handler
   78 00000014 00000000        DCD              BusFault_Handler ;     Bus Faul
                                                            t Handler
   79 00000018 00000000        DCD              UsageFault_Handler ;     Usage 



ARM Macro Assembler    Page 3 


                                                            Fault Handler
   80 0000001C 00000000        DCD              0           ;     Reserved
   81 00000020 00000000        DCD              0           ;     Reserved
   82 00000024 00000000        DCD              0           ;     Reserved
   83 00000028 00000000        DCD              0           ;     Reserved
   84 0000002C 00000000        DCD              SVC_Handler ;     SVCall Handle
                                                            r
   85 00000030 00000000        DCD              DebugMon_Handler ;     Debug Mo
                                                            nitor Handler
   86 00000034 00000000        DCD              0           ;     Reserved
   87 00000038 00000000        DCD              PendSV_Handler ;     PendSV Han
                                                            dler
   88 0000003C 00000000        DCD              SysTick_Handler ;     SysTick H
                                                            andler
   89 00000040         
   90 00000040         ; External Interrupts
   91 00000040 00000000        DCD              UART0_Handler ;   0 UART0 TX/RX
                                                             combined
   92 00000044         ;                DCD     0                          ;   
                       1 Unused
   93 00000044         ;                DCD     UART1_Handler              ;   
                       2 UART1 TX/RX combined
   94 00000044         ;                DCD     RESERVED1_Handler          ;   
                       3 Reserved for APB slaves
   95 00000044         ;                DCD     RESERVED2_Handler          ;   
                       4 Reserved for APB slaves
   96 00000044         ;                DCD     RTC_Handler                ;   
                       5 RTC
   97 00000044         ;                DCD     GPIO0_Handler              ;   
                       6 GPIO 0 combined
   98 00000044         ;                DCD     GPIO1_Handler              ;   
                       7 GPIO 1 combined
   99 00000044         ;                DCD     TIMER0_Handler             ;   
                       8 Timer0
  100 00000044         ;                DCD     TIMER1_Handler             ;   
                       9 Timer1
  101 00000044         ;                DCD     DUALTIMER_Handler          ;  1
                       0 Dual Timer
  102 00000044         ;                DCD     RESERVED3_Handler          ;  1
                       1 Reserved for APB slaves
  103 00000044         ;                DCD     UART_OVF_Handler           ;  1
                       2 UART 0/1/2/3/4 overflow
  104 00000044         ;                DCD     RESERVED4_Handler          ;  1
                       3 Reserved for APB slaves
  105 00000044         ;                DCD     0                          ;  1
                       4 Unused
  106 00000044         ;                DCD     TSC_Handler                ;  1
                       5 MPS2+ baseboard Touch Screen
  107 00000044         ;                DCD     GPIO0_0_Handler            ;  1
                       6 GPIO0 individual interrupt ( 0)
  108 00000044         ;                DCD     GPIO0_1_Handler            ;  1
                       7 GPIO0 individual interrupt ( 1)
  109 00000044         ;                DCD     GPIO0_2_Handler            ;  1
                       8 GPIO0 individual interrupt ( 2)
  110 00000044         ;                DCD     GPIO0_3_Handler            ;  1
                       9 GPIO0 individual interrupt ( 3)
  111 00000044         ;                DCD     GPIO0_4_Handler            ;  2
                       0 GPIO0 individual interrupt ( 4)
  112 00000044         ;                DCD     GPIO0_5_Handler            ;  2



ARM Macro Assembler    Page 4 


                       1 GPIO0 individual interrupt ( 5)
  113 00000044         ;                DCD     GPIO0_6_Handler            ;  2
                       2 GPIO0 individual interrupt ( 6)
  114 00000044         ;                DCD     GPIO0_7_Handler            ;  2
                       3 GPIO0 individual interrupt ( 7)
  115 00000044         ;                DCD     GPIO0_8_Handler            ;  2
                       4 GPIO0 individual interrupt ( 8)
  116 00000044         ;                DCD     GPIO0_9_Handler            ;  2
                       5 GPIO0 individual interrupt ( 9)
  117 00000044         ;                DCD     GPIO0_10_Handler           ;  2
                       6 GPIO0 individual interrupt (10)
  118 00000044         ;                DCD     GPIO0_11_Handler           ;  2
                       7 GPIO0 individual interrupt (11)
  119 00000044         ;                DCD     GPIO0_12_Handler           ;  2
                       8 GPIO0 individual interrupt (12)
  120 00000044         ;                DCD     GPIO0_13_Handler           ;  2
                       9 GPIO0 individual interrupt (13)
  121 00000044         ;                DCD     GPIO0_14_Handler           ;  3
                       0 GPIO0 individual interrupt (14)
  122 00000044         ;                DCD     GPIO0_15_Handler           ;  3
                       1 GPIO0 individual interrupt (15)
  123 00000044         ;                DCD     RESERVED5_Handler          ;  3
                       2 Reserved for Flash
  124 00000044         ;                DCD     RESERVED6_Handler          ;  3
                       3 Reserved for Flash
  125 00000044         ;                DCD     RESERVED7_Handler          ;  3
                       4 reserved for Cordio BT4
  126 00000044         ;                DCD     RESERVED8_Handler          ;  3
                       5 reserved for Cordio BT4
  127 00000044         ;                DCD     RESERVED9_Handler          ;  3
                       6 reserved for Cordio BT4
  128 00000044         ;                DCD     RESERVED10_Handler         ;  3
                       7 reserved for Cordio BT4
  129 00000044         ;                DCD     RESERVED11_Handler         ;  3
                       8 reserved for Cordio BT4
  130 00000044         ;                DCD     RESERVED12_Handler         ;  3
                       9 reserved for Cordio BT4
  131 00000044         ;                DCD     RESERVED13_Handler         ;  4
                       0 reserved for Cordio BT4
  132 00000044         ;                DCD     RESERVED14_Handler         ;  4
                       1 reserved for Cordio BT4
  133 00000044         ;                DCD     GPIO2_Handler              ;  4
                       2 Combined
  134 00000044         ;                DCD     GPIO3_Handler              ;  4
                       3 Combined
  135 00000044         ;                DCD     TRNG_Handler               ;  4
                       4 True Random Number Generator
  136 00000044         ;                DCD     UART2_Handler              ;  4
                       5 UART 2 TX/RX compined
  137 00000044         ;                DCD     UART3_Handler              ;  4
                       6 UART 3 TX/RX compined
  138 00000044         ;                DCD     ETHERNET_Handler           ;  4
                       7 Ethernet Interrupt
  139 00000044         ;                DCD     I2S_Handler                ;  4
                       8 I2S Interrupt
  140 00000044         ;                DCD     MPS2_SPI0_Handler          ;  4
                       9 SPI Header interrupt
  141 00000044         ;                DCD     MPS2_SPI1_Handler          ;  5
                       0 CLCD SPI interrupt



ARM Macro Assembler    Page 5 


  142 00000044         ;                DCD     MPS2_SPI2_Handler          ;  5
                       1 ADC for Shield
  143 00000044         ;                DCD     MPS2_SPI3_Handler          ;  5
                       2 Shield0 SPI
  144 00000044         ;                DCD     MPS2_SPI4_Handler          ;  5
                       3 Shield1 SPI
  145 00000044         ;                DCD     GPIO4_Handler              ;  5
                       4 GPIO 4 combined
  146 00000044         ;                DCD     GPIO5_Handler              ;  5
                       5 GPIO 5 combined
  147 00000044         ;                DCD     UART4_Handler              ;  5
                       6 UART 4 TX/Rx combined
  148 00000044         __Vectors_End
  149 00000044         
  150 00000044 00000044 
                       __Vectors_Size
                               EQU              __Vectors_End - __Vectors
  151 00000044         
  152 00000044                 AREA             |.text|, CODE, READONLY
  153 00000000         
  154 00000000         
  155 00000000         ; Reset Handler
  156 00000000         
  157 00000000         Reset_Handler
                               PROC
  158 00000000                 EXPORT           Reset_Handler             [WEAK
]
  159 00000000                 IMPORT           SystemInit
  160 00000000                 IMPORT           __main
  161 00000000 480B            LDR              R0, =SystemInit
  162 00000002 4780            BLX              R0
  163 00000004 480B            LDR              R0, =__main
  164 00000006 4700            BX               R0
  165 00000008                 ENDP
  166 00000008         
  167 00000008         
  168 00000008         ; Dummy Exception Handlers (infinite loops which can be 
                       modified)
  169 00000008         
  170 00000008         NMI_Handler
                               PROC
  171 00000008                 EXPORT           NMI_Handler               [WEAK
]
  172 00000008 E7FE            B                .
  173 0000000A                 ENDP
  175 0000000A         HardFault_Handler
                               PROC
  176 0000000A                 EXPORT           HardFault_Handler         [WEAK
]
  177 0000000A E7FE            B                .
  178 0000000C                 ENDP
  180 0000000C         MemManage_Handler
                               PROC
  181 0000000C                 EXPORT           MemManage_Handler         [WEAK
]
  182 0000000C E7FE            B                .
  183 0000000E                 ENDP
  185 0000000E         BusFault_Handler
                               PROC



ARM Macro Assembler    Page 6 


  186 0000000E                 EXPORT           BusFault_Handler          [WEAK
]
  187 0000000E E7FE            B                .
  188 00000010                 ENDP
  190 00000010         UsageFault_Handler
                               PROC
  191 00000010                 EXPORT           UsageFault_Handler        [WEAK
]
  192 00000010 E7FE            B                .
  193 00000012                 ENDP
  194 00000012         SVC_Handler
                               PROC
  195 00000012                 EXPORT           SVC_Handler               [WEAK
]
  196 00000012 E7FE            B                .
  197 00000014                 ENDP
  199 00000014         DebugMon_Handler
                               PROC
  200 00000014                 EXPORT           DebugMon_Handler          [WEAK
]
  201 00000014 E7FE            B                .
  202 00000016                 ENDP
  203 00000016         PendSV_Handler
                               PROC
  204 00000016                 EXPORT           PendSV_Handler            [WEAK
]
  205 00000016 E7FE            B                .
  206 00000018                 ENDP
  207 00000018         SysTick_Handler
                               PROC
  208 00000018                 EXPORT           SysTick_Handler           [WEAK
]
  209 00000018 E7FE            B                .
  210 0000001A                 ENDP
  211 0000001A         UART0_Handler
                               PROC
  212 0000001A                 EXPORT           UART0_Handler             [WEAK
]
  213 0000001A                 IMPORT           UART0Handler
  214 0000001A B500            PUSH             {LR}
  215 0000001C F7FF FFFE       BL               UART0Handler
  216 00000020 BD00            POP              {PC}
  217 00000022                 ENDP
  218 00000022         ;Default_Handler PROC
  219 00000022         ;                EXPORT UART0_Handler              [WEAK
                       ]
  220 00000022         ;                EXPORT UART1_Handler              [WEAK
                       ]
  221 00000022         ;                EXPORT RESERVED1_Handler          [WEAK
                       ]
  222 00000022         ;                EXPORT RESERVED2_Handler          [WEAK
                       ]
  223 00000022         ;                EXPORT RTC_Handler                [WEAK
                       ]
  224 00000022         ;                EXPORT GPIO0_Handler              [WEAK
                       ]
  225 00000022         ;                EXPORT GPIO1_Handler              [WEAK
                       ]
  226 00000022         ;                EXPORT TIMER0_Handler             [WEAK



ARM Macro Assembler    Page 7 


                       ]
  227 00000022         ;                EXPORT TIMER1_Handler             [WEAK
                       ]
  228 00000022         ;                EXPORT DUALTIMER_Handler          [WEAK
                       ]
  229 00000022         ;                EXPORT RESERVED3_Handler          [WEAK
                       ]
  230 00000022         ;                EXPORT UART_OVF_Handler           [WEAK
                       ]
  231 00000022         ;                EXPORT RESERVED4_Handler          [WEAK
                       ]
  232 00000022         ;                EXPORT TSC_Handler                [WEAK
                       ]
  233 00000022         ;                EXPORT GPIO0_0_Handler            [WEAK
                       ]
  234 00000022         ;                EXPORT GPIO0_1_Handler            [WEAK
                       ]
  235 00000022         ;                EXPORT GPIO0_2_Handler            [WEAK
                       ]
  236 00000022         ;                EXPORT GPIO0_3_Handler            [WEAK
                       ]
  237 00000022         ;                EXPORT GPIO0_4_Handler            [WEAK
                       ]
  238 00000022         ;                EXPORT GPIO0_5_Handler            [WEAK
                       ]
  239 00000022         ;                EXPORT GPIO0_6_Handler            [WEAK
                       ]
  240 00000022         ;                EXPORT GPIO0_7_Handler            [WEAK
                       ]
  241 00000022         ;                EXPORT GPIO0_8_Handler            [WEAK
                       ]
  242 00000022         ;                EXPORT GPIO0_9_Handler            [WEAK
                       ]
  243 00000022         ;                EXPORT GPIO0_10_Handler           [WEAK
                       ]
  244 00000022         ;                EXPORT GPIO0_11_Handler           [WEAK
                       ]
  245 00000022         ;                EXPORT GPIO0_12_Handler           [WEAK
                       ]
  246 00000022         ;                EXPORT GPIO0_13_Handler           [WEAK
                       ]
  247 00000022         ;                EXPORT GPIO0_14_Handler           [WEAK
                       ]
  248 00000022         ;                EXPORT GPIO0_15_Handler           [WEAK
                       ]
  249 00000022         ;                EXPORT RESERVED5_Handler          [WEAK
                       ]
  250 00000022         ;                EXPORT RESERVED6_Handler          [WEAK
                       ]
  251 00000022         ;                EXPORT RESERVED7_Handler          [WEAK
                       ]
  252 00000022         ;                EXPORT RESERVED8_Handler          [WEAK
                       ]
  253 00000022         ;                EXPORT RESERVED9_Handler          [WEAK
                       ]
  254 00000022         ;                EXPORT RESERVED10_Handler         [WEAK
                       ]
  255 00000022         ;                EXPORT RESERVED11_Handler         [WEAK
                       ]



ARM Macro Assembler    Page 8 


  256 00000022         ;                EXPORT RESERVED12_Handler         [WEAK
                       ]
  257 00000022         ;                EXPORT RESERVED13_Handler         [WEAK
                       ]
  258 00000022         ;                EXPORT RESERVED14_Handler         [WEAK
                       ]
  259 00000022         ;                EXPORT GPIO2_Handler              [WEAK
                       ]
  260 00000022         ;                EXPORT GPIO3_Handler              [WEAK
                       ]
  261 00000022         ;                EXPORT TRNG_Handler               [WEAK
                       ]
  262 00000022         ;                EXPORT UART2_Handler              [WEAK
                       ]
  263 00000022         ;                EXPORT UART3_Handler              [WEAK
                       ]
  264 00000022         ;                EXPORT ETHERNET_Handler           [WEAK
                       ]
  265 00000022         ;                EXPORT I2S_Handler                [WEAK
                       ]
  266 00000022         ;                EXPORT MPS2_SPI0_Handler          [WEAK
                       ]
  267 00000022         ;                EXPORT MPS2_SPI1_Handler          [WEAK
                       ]
  268 00000022         ;                EXPORT MPS2_SPI2_Handler          [WEAK
                       ]
  269 00000022         ;                EXPORT MPS2_SPI3_Handler          [WEAK
                       ]
  270 00000022         ;                EXPORT MPS2_SPI4_Handler          [WEAK
                       ]
  271 00000022         ;                EXPORT GPIO4_Handler              [WEAK
                       ]
  272 00000022         ;                EXPORT GPIO5_Handler              [WEAK
                       ]
  273 00000022         ;                EXPORT UART4_Handler              [WEAK
                       ]
  274 00000022         
  275 00000022         ;UART0_Handler
  276 00000022         ;UART1_Handler
  277 00000022         ;RESERVED1_Handler
  278 00000022         ;RESERVED2_Handler
  279 00000022         ;RTC_Handler
  280 00000022         ;GPIO0_Handler
  281 00000022         ;GPIO1_Handler
  282 00000022         ;TIMER0_Handler
  283 00000022         ;TIMER1_Handler
  284 00000022         ;DUALTIMER_Handler
  285 00000022         ;RESERVED3_Handler
  286 00000022         ;UART_OVF_Handler
  287 00000022         ;RESERVED4_Handler
  288 00000022         ;TSC_Handler
  289 00000022         ;GPIO0_0_Handler
  290 00000022         ;GPIO0_1_Handler
  291 00000022         ;GPIO0_2_Handler
  292 00000022         ;GPIO0_3_Handler
  293 00000022         ;GPIO0_4_Handler
  294 00000022         ;GPIO0_5_Handler
  295 00000022         ;GPIO0_6_Handler
  296 00000022         ;GPIO0_7_Handler



ARM Macro Assembler    Page 9 


  297 00000022         ;GPIO0_8_Handler
  298 00000022         ;GPIO0_9_Handler
  299 00000022         ;GPIO0_10_Handler
  300 00000022         ;GPIO0_11_Handler
  301 00000022         ;GPIO0_12_Handler
  302 00000022         ;GPIO0_13_Handler
  303 00000022         ;GPIO0_14_Handler
  304 00000022         ;GPIO0_15_Handler
  305 00000022         ;RESERVED5_Handler
  306 00000022         ;RESERVED6_Handler
  307 00000022         ;RESERVED7_Handler
  308 00000022         ;RESERVED8_Handler
  309 00000022         ;RESERVED9_Handler
  310 00000022         ;RESERVED10_Handler
  311 00000022         ;RESERVED11_Handler
  312 00000022         ;RESERVED12_Handler
  313 00000022         ;RESERVED13_Handler
  314 00000022         ;RESERVED14_Handler
  315 00000022         ;GPIO2_Handler
  316 00000022         ;GPIO3_Handler
  317 00000022         ;TRNG_Handler
  318 00000022         ;UART2_Handler
  319 00000022         ;UART3_Handler
  320 00000022         ;ETHERNET_Handler
  321 00000022         ;I2S_Handler
  322 00000022         ;MPS2_SPI0_Handler
  323 00000022         ;MPS2_SPI1_Handler
  324 00000022         ;MPS2_SPI2_Handler
  325 00000022         ;MPS2_SPI3_Handler
  326 00000022         ;MPS2_SPI4_Handler
  327 00000022         ;GPIO4_Handler
  328 00000022         ;GPIO5_Handler
  329 00000022         ;UART4_Handler
  330 00000022         ;                B       .
  331 00000022         
  332 00000022         ;                ENDP
  333 00000022         
  334 00000022         
  335 00000022 00 00           ALIGN
  336 00000024         
  337 00000024         
  338 00000024         ; User Initial Stack & Heap
  339 00000024         
  340 00000024                 IF               :DEF:__MICROLIB
  347 00000024         
  348 00000024                 IMPORT           __use_two_region_memory
  349 00000024                 EXPORT           __user_initial_stackheap
  350 00000024         
  351 00000024         __user_initial_stackheap
                               PROC
  352 00000024 4804            LDR              R0, =  Heap_Mem
  353 00000026 4905            LDR              R1, =(Stack_Mem + Stack_Size)
  354 00000028 4A05            LDR              R2, = (Heap_Mem +  Heap_Size)
  355 0000002A 4B06            LDR              R3, = Stack_Mem
  356 0000002C 4770            BX               LR
  357 0000002E                 ENDP
  358 0000002E         
  359 0000002E 00 00           ALIGN
  360 00000030         



ARM Macro Assembler    Page 10 


  361 00000030                 ENDIF
  362 00000030         
  363 00000030         
  364 00000030                 END
              00000000 
              00000000 
              00000000 
              00008000 
              00000C00 
              00000000 
Command Line: --debug --xref --diag_suppress=9931 --cpu=Cortex-M3 --depend=.\st
artup_ds_cm3.d -o.\startup_ds_cm3.o -I.\RTE\Device\DS_CM3 -I.\RTE\_Target_1 -ID
:\KEILARM\Packs\ARM\CMSIS\5.8.0\CMSIS\Core\Include -ID:\KEILARM\Packs\Keil\V2M-
MPS2_DSx_BSP\1.1.0\Device\DS_CM3\Include --predefine="__UVISION_VERSION SETA 52
9" --predefine="_RTE_ SETA 1" --predefine="DS_CM3 SETA 1" --list=.\listings\sta
rtup_ds_cm3.lst RTE\Device\DS_CM3\startup_DS_CM3.s



ARM Macro Assembler    Page 1 Alphabetic symbol ordering
Relocatable symbols

STACK 00000000

Symbol: STACK
   Definitions
      At line 45 in file RTE\Device\DS_CM3\startup_DS_CM3.s
   Uses
      None
Comment: STACK unused
Stack_Mem 00000000

Symbol: Stack_Mem
   Definitions
      At line 46 in file RTE\Device\DS_CM3\startup_DS_CM3.s
   Uses
      At line 353 in file RTE\Device\DS_CM3\startup_DS_CM3.s
      At line 355 in file RTE\Device\DS_CM3\startup_DS_CM3.s

__initial_sp 00008000

Symbol: __initial_sp
   Definitions
      At line 47 in file RTE\Device\DS_CM3\startup_DS_CM3.s
   Uses
      At line 73 in file RTE\Device\DS_CM3\startup_DS_CM3.s
Comment: __initial_sp used once
3 symbols



ARM Macro Assembler    Page 1 Alphabetic symbol ordering
Relocatable symbols

HEAP 00000000

Symbol: HEAP
   Definitions
      At line 56 in file RTE\Device\DS_CM3\startup_DS_CM3.s
   Uses
      None
Comment: HEAP unused
Heap_Mem 00000000

Symbol: Heap_Mem
   Definitions
      At line 58 in file RTE\Device\DS_CM3\startup_DS_CM3.s
   Uses
      At line 352 in file RTE\Device\DS_CM3\startup_DS_CM3.s
      At line 354 in file RTE\Device\DS_CM3\startup_DS_CM3.s

__heap_base 00000000

Symbol: __heap_base
   Definitions
      At line 57 in file RTE\Device\DS_CM3\startup_DS_CM3.s
   Uses
      None
Comment: __heap_base unused
__heap_limit 00000C00

Symbol: __heap_limit
   Definitions
      At line 59 in file RTE\Device\DS_CM3\startup_DS_CM3.s
   Uses
      None
Comment: __heap_limit unused
4 symbols



ARM Macro Assembler    Page 1 Alphabetic symbol ordering
Relocatable symbols

RESET 00000000

Symbol: RESET
   Definitions
      At line 68 in file RTE\Device\DS_CM3\startup_DS_CM3.s
   Uses
      None
Comment: RESET unused
__Vectors 00000000

Symbol: __Vectors
   Definitions
      At line 73 in file RTE\Device\DS_CM3\startup_DS_CM3.s
   Uses
      At line 69 in file RTE\Device\DS_CM3\startup_DS_CM3.s
      At line 150 in file RTE\Device\DS_CM3\startup_DS_CM3.s

__Vectors_End 00000044

Symbol: __Vectors_End
   Definitions
      At line 148 in file RTE\Device\DS_CM3\startup_DS_CM3.s
   Uses
      At line 70 in file RTE\Device\DS_CM3\startup_DS_CM3.s
      At line 150 in file RTE\Device\DS_CM3\startup_DS_CM3.s

3 symbols



ARM Macro Assembler    Page 1 Alphabetic symbol ordering
Relocatable symbols

.text 00000000

Symbol: .text
   Definitions
      At line 152 in file RTE\Device\DS_CM3\startup_DS_CM3.s
   Uses
      None
Comment: .text unused
BusFault_Handler 0000000E

Symbol: BusFault_Handler
   Definitions
      At line 185 in file RTE\Device\DS_CM3\startup_DS_CM3.s
   Uses
      At line 78 in file RTE\Device\DS_CM3\startup_DS_CM3.s
      At line 186 in file RTE\Device\DS_CM3\startup_DS_CM3.s

DebugMon_Handler 00000014

Symbol: DebugMon_Handler
   Definitions
      At line 199 in file RTE\Device\DS_CM3\startup_DS_CM3.s
   Uses
      At line 85 in file RTE\Device\DS_CM3\startup_DS_CM3.s
      At line 200 in file RTE\Device\DS_CM3\startup_DS_CM3.s

HardFault_Handler 0000000A

Symbol: HardFault_Handler
   Definitions
      At line 175 in file RTE\Device\DS_CM3\startup_DS_CM3.s
   Uses
      At line 76 in file RTE\Device\DS_CM3\startup_DS_CM3.s
      At line 176 in file RTE\Device\DS_CM3\startup_DS_CM3.s

MemManage_Handler 0000000C

Symbol: MemManage_Handler
   Definitions
      At line 180 in file RTE\Device\DS_CM3\startup_DS_CM3.s
   Uses
      At line 77 in file RTE\Device\DS_CM3\startup_DS_CM3.s
      At line 181 in file RTE\Device\DS_CM3\startup_DS_CM3.s

NMI_Handler 00000008

Symbol: NMI_Handler
   Definitions
      At line 170 in file RTE\Device\DS_CM3\startup_DS_CM3.s
   Uses
      At line 75 in file RTE\Device\DS_CM3\startup_DS_CM3.s
      At line 171 in file RTE\Device\DS_CM3\startup_DS_CM3.s

PendSV_Handler 00000016

Symbol: PendSV_Handler
   Definitions
      At line 203 in file RTE\Device\DS_CM3\startup_DS_CM3.s
   Uses



ARM Macro Assembler    Page 2 Alphabetic symbol ordering
Relocatable symbols

      At line 87 in file RTE\Device\DS_CM3\startup_DS_CM3.s
      At line 204 in file RTE\Device\DS_CM3\startup_DS_CM3.s

Reset_Handler 00000000

Symbol: Reset_Handler
   Definitions
      At line 157 in file RTE\Device\DS_CM3\startup_DS_CM3.s
   Uses
      At line 74 in file RTE\Device\DS_CM3\startup_DS_CM3.s
      At line 158 in file RTE\Device\DS_CM3\startup_DS_CM3.s

SVC_Handler 00000012

Symbol: SVC_Handler
   Definitions
      At line 194 in file RTE\Device\DS_CM3\startup_DS_CM3.s
   Uses
      At line 84 in file RTE\Device\DS_CM3\startup_DS_CM3.s
      At line 195 in file RTE\Device\DS_CM3\startup_DS_CM3.s

SysTick_Handler 00000018

Symbol: SysTick_Handler
   Definitions
      At line 207 in file RTE\Device\DS_CM3\startup_DS_CM3.s
   Uses
      At line 88 in file RTE\Device\DS_CM3\startup_DS_CM3.s
      At line 208 in file RTE\Device\DS_CM3\startup_DS_CM3.s

UART0_Handler 0000001A

Symbol: UART0_Handler
   Definitions
      At line 211 in file RTE\Device\DS_CM3\startup_DS_CM3.s
   Uses
      At line 91 in file RTE\Device\DS_CM3\startup_DS_CM3.s
      At line 212 in file RTE\Device\DS_CM3\startup_DS_CM3.s

UsageFault_Handler 00000010

Symbol: UsageFault_Handler
   Definitions
      At line 190 in file RTE\Device\DS_CM3\startup_DS_CM3.s
   Uses
      At line 79 in file RTE\Device\DS_CM3\startup_DS_CM3.s
      At line 191 in file RTE\Device\DS_CM3\startup_DS_CM3.s

__user_initial_stackheap 00000024

Symbol: __user_initial_stackheap
   Definitions
      At line 351 in file RTE\Device\DS_CM3\startup_DS_CM3.s
   Uses
      At line 349 in file RTE\Device\DS_CM3\startup_DS_CM3.s
Comment: __user_initial_stackheap used once
13 symbols



ARM Macro Assembler    Page 1 Alphabetic symbol ordering
Absolute symbols

Heap_Size 00000C00

Symbol: Heap_Size
   Definitions
      At line 54 in file RTE\Device\DS_CM3\startup_DS_CM3.s
   Uses
      At line 58 in file RTE\Device\DS_CM3\startup_DS_CM3.s
      At line 354 in file RTE\Device\DS_CM3\startup_DS_CM3.s

Stack_Size 00008000

Symbol: Stack_Size
   Definitions
      At line 43 in file RTE\Device\DS_CM3\startup_DS_CM3.s
   Uses
      At line 46 in file RTE\Device\DS_CM3\startup_DS_CM3.s
      At line 353 in file RTE\Device\DS_CM3\startup_DS_CM3.s

__Vectors_Size 00000044

Symbol: __Vectors_Size
   Definitions
      At line 150 in file RTE\Device\DS_CM3\startup_DS_CM3.s
   Uses
      At line 71 in file RTE\Device\DS_CM3\startup_DS_CM3.s
Comment: __Vectors_Size used once
3 symbols



ARM Macro Assembler    Page 1 Alphabetic symbol ordering
External symbols

SystemInit 00000000

Symbol: SystemInit
   Definitions
      At line 159 in file RTE\Device\DS_CM3\startup_DS_CM3.s
   Uses
      At line 161 in file RTE\Device\DS_CM3\startup_DS_CM3.s
Comment: SystemInit used once
UART0Handler 00000000

Symbol: UART0Handler
   Definitions
      At line 213 in file RTE\Device\DS_CM3\startup_DS_CM3.s
   Uses
      At line 215 in file RTE\Device\DS_CM3\startup_DS_CM3.s
Comment: UART0Handler used once
__main 00000000

Symbol: __main
   Definitions
      At line 160 in file RTE\Device\DS_CM3\startup_DS_CM3.s
   Uses
      At line 163 in file RTE\Device\DS_CM3\startup_DS_CM3.s
Comment: __main used once
__use_two_region_memory 00000000

Symbol: __use_two_region_memory
   Definitions
      At line 348 in file RTE\Device\DS_CM3\startup_DS_CM3.s
   Uses
      None
Comment: __use_two_region_memory unused
4 symbols
367 symbols in table
